<?xml version="1.0" encoding="UTF-8"?>
<!-- Generated by org.testng.reporters.JUnitReportReporter -->
<testsuite hostname="DESKTOP-TGRDIAA" failures="0" tests="1" name="POM.PageObject" time="5.809" errors="0" timestamp="2024-08-02T16:28:10 IST" skipped="0">
  <testcase classname="POM.PageObject" name="Printprograms" time="5.809"/>
</testsuite> <!-- POM.PageObject -->
