<?xml version="1.0" encoding="UTF-8"?>
<!-- Generated by org.testng.reporters.JUnitReportReporter -->
<testsuite hostname="DESKTOP-TGRDIAA" failures="0" tests="62" name="HomePage.HomePage_FunctionalTest" time="443.145" errors="0" timestamp="2024-08-12T10:32:42 IST" skipped="0">
  <testcase classname="HomePage.HomePage_FunctionalTest" name="AmityLogo" time="3.183"/>
  <testcase classname="HomePage.HomePage_FunctionalTest" name="ProgramButton" time="2.942"/>
  <testcase classname="HomePage.HomePage_FunctionalTest" name="CareerServices" time="5.731"/>
  <testcase classname="HomePage.HomePage_FunctionalTest" name="AdvantagesButton" time="4.046"/>
  <testcase classname="HomePage.HomePage_FunctionalTest" name="SearchButton" time="2.891"/>
  <testcase classname="HomePage.HomePage_FunctionalTest" name="CallusButton" time="4.883"/>
  <testcase classname="HomePage.HomePage_FunctionalTest" name="StudentLoginButoon" time="4.922"/>
  <testcase classname="HomePage.HomePage_FunctionalTest" name="EnrollNowButton" time="5.409"/>
  <testcase classname="HomePage.HomePage_FunctionalTest" name="ApplyNowbutton" time="6.894"/>
  <testcase classname="HomePage.HomePage_FunctionalTest" name="Callicon" time="5.093"/>
  <testcase classname="HomePage.HomePage_FunctionalTest" name="WhatsappIcon" time="6.055"/>
  <testcase classname="HomePage.HomePage_FunctionalTest" name="ViewAll" time="3.839"/>
  <testcase classname="HomePage.HomePage_FunctionalTest" name="RequestAcall" time="5.965"/>
  <testcase classname="HomePage.HomePage_FunctionalTest" name="ViewAllS" time="3.916"/>
  <testcase classname="HomePage.HomePage_FunctionalTest" name="ViewAllBlog" time="4.730"/>
  <testcase classname="HomePage.HomePage_FunctionalTest" name="KnowMore" time="5.984"/>
  <testcase classname="HomePage.HomePage_FunctionalTest" name="ApplyNowBottonCTA" time="5.210"/>
  <testcase classname="HomePage.HomePage_FunctionalTest" name="ClickonShowMoreAboutus" time="7.885"/>
  <testcase classname="HomePage.HomePage_FunctionalTest" name="CareerServices1" time="7.212"/>
  <testcase classname="HomePage.HomePage_FunctionalTest" name="StudentStory" time="7.833"/>
  <testcase classname="HomePage.HomePage_FunctionalTest" name="LeaderShip" time="8.425"/>
  <testcase classname="HomePage.HomePage_FunctionalTest" name="Corporate" time="8.444"/>
  <testcase classname="HomePage.HomePage_FunctionalTest" name="ContactUs" time="7.952"/>
  <testcase classname="HomePage.HomePage_FunctionalTest" name="Terms" time="7.756"/>
  <testcase classname="HomePage.HomePage_FunctionalTest" name="StudentSupport" time="9.819"/>
  <testcase classname="HomePage.HomePage_FunctionalTest" name="Intellectualproperty" time="11.554"/>
  <testcase classname="HomePage.HomePage_FunctionalTest" name="UGC" time="7.924"/>
  <testcase classname="HomePage.HomePage_FunctionalTest" name="Resource" time="8.197"/>
  <testcase classname="HomePage.HomePage_FunctionalTest" name="Blog" time="7.943"/>
  <testcase classname="HomePage.HomePage_FunctionalTest" name="Media" time="9.315"/>
  <testcase classname="HomePage.HomePage_FunctionalTest" name="BCA" time="6.518"/>
  <testcase classname="HomePage.HomePage_FunctionalTest" name="BCASp" time="6.780"/>
  <testcase classname="HomePage.HomePage_FunctionalTest" name="BCAdataAnalytics" time="7.811"/>
  <testcase classname="HomePage.HomePage_FunctionalTest" name="BBA" time="7.127"/>
  <testcase classname="HomePage.HomePage_FunctionalTest" name="BAJandM" time="7.408"/>
  <testcase classname="HomePage.HomePage_FunctionalTest" name="Bcom" time="7.246"/>
  <testcase classname="HomePage.HomePage_FunctionalTest" name="BA" time="6.604"/>
  <testcase classname="HomePage.HomePage_FunctionalTest" name="BAKannada" time="6.857"/>
  <testcase classname="HomePage.HomePage_FunctionalTest" name="BAMalayalam" time="6.773"/>
  <testcase classname="HomePage.HomePage_FunctionalTest" name="BATamil" time="16.499"/>
  <testcase classname="HomePage.HomePage_FunctionalTest" name="BATelugu" time="7.705"/>
  <testcase classname="HomePage.HomePage_FunctionalTest" name="BAHindi" time="11.591"/>
  <testcase classname="HomePage.HomePage_FunctionalTest" name="BcomFinance" time="6.805"/>
  <testcase classname="HomePage.HomePage_FunctionalTest" name="BcomHonours" time="7.923"/>
  <testcase classname="HomePage.HomePage_FunctionalTest" name="MCAPrograms" time="6.574"/>
  <testcase classname="HomePage.HomePage_FunctionalTest" name="MCABlockchain" time="10.510"/>
  <testcase classname="HomePage.HomePage_FunctionalTest" name="MCAwithspecializationinMLandAl" time="8.545"/>
  <testcase classname="HomePage.HomePage_FunctionalTest" name="MCAwithspecializationinMachineLearning" time="7.188"/>
  <testcase classname="HomePage.HomePage_FunctionalTest" name="MCAwithspecializationinARandVR" time="7.369"/>
  <testcase classname="HomePage.HomePage_FunctionalTest" name="MasterofBusinessAdministration" time="6.519"/>
  <testcase classname="HomePage.HomePage_FunctionalTest" name="MBAwithspecializationinDigitalMarketingManagement" time="6.996"/>
  <testcase classname="HomePage.HomePage_FunctionalTest" name="MBAwithspecializationinHRAnalytics" time="6.545"/>
  <testcase classname="HomePage.HomePage_FunctionalTest" name="MBAwithspecializationinDataScience" time="7.104"/>
  <testcase classname="HomePage.HomePage_FunctionalTest" name="MBAwithspecializationinBusinessAnalytics" time="7.266"/>
  <testcase classname="HomePage.HomePage_FunctionalTest" name="MBAwithspecializationinDigitalEntrepreneurship" time="8.019"/>
  <testcase classname="HomePage.HomePage_FunctionalTest" name="MasterofArtsJournalismandMasscommunication" time="6.893"/>
  <testcase classname="HomePage.HomePage_FunctionalTest" name="MComwithspecializationinFintech" time="8.144"/>
  <testcase classname="HomePage.HomePage_FunctionalTest" name="MComwithspecializationinFinancialManagement" time="7.279"/>
  <testcase classname="HomePage.HomePage_FunctionalTest" name="MasterofArtsinPublicPolicyandGovernance" time="8.108"/>
  <testcase classname="HomePage.HomePage_FunctionalTest" name="MasterofArtsinPsychology" time="6.544"/>
  <testcase classname="HomePage.HomePage_FunctionalTest" name="MasterofScienceinDataScience" time="7.552"/>
  <testcase classname="HomePage.HomePage_FunctionalTest" name="Printprograms" time="10.391"/>
</testsuite> <!-- HomePage.HomePage_FunctionalTest -->
